<?xml version="1.0" encoding="UTF-8"?>
<testng-results ignored="0" total="2" passed="2" failed="0" skipped="0">
  <reporter-output>
  </reporter-output>
  <suite started-at="2026-01-12T17:19:42 IST" name="Default suite" finished-at="2026-01-12T17:19:59 IST" duration-ms="17455">
    <groups>
    </groups>
    <test started-at="2026-01-12T17:19:42 IST" name="Default test" finished-at="2026-01-12T17:19:59 IST" duration-ms="17455">
      <class name="testcases.LoginTest">
        <test-method is-config="true" signature="startReport()[pri:0, instance:testcases.LoginTest@34f7234e]" started-at="2026-01-12T17:19:42 IST" name="startReport" finished-at="2026-01-12T17:19:42 IST" duration-ms="332" status="PASS">
          <reporter-output>
          </reporter-output>
        </test-method> <!-- startReport -->
        <test-method is-config="true" signature="setup()[pri:0, instance:testcases.LoginTest@34f7234e]" started-at="2026-01-12T17:19:43 IST" name="setup" finished-at="2026-01-12T17:19:47 IST" duration-ms="4378" status="PASS">
          <reporter-output>
          </reporter-output>
        </test-method> <!-- setup -->
        <test-method signature="verifyInvalidLogin(java.util.HashMap)[pri:0, instance:testcases.LoginTest@34f7234e]" started-at="2026-01-12T17:19:47 IST" name="verifyInvalidLogin" data-provider="LoginData" finished-at="2026-01-12T17:19:52 IST" duration-ms="4177" status="PASS">
          <params>
            <param index="0">
              <value>
                <![CDATA[{password=wrong123, email=fake@test.com}]]>
              </value>
            </param>
          </params>
          <reporter-output>
          </reporter-output>
        </test-method> <!-- verifyInvalidLogin -->
        <test-method is-config="true" signature="teardown()[pri:0, instance:testcases.LoginTest@34f7234e]" started-at="2026-01-12T17:19:52 IST" name="teardown" finished-at="2026-01-12T17:19:52 IST" duration-ms="364" status="PASS">
          <reporter-output>
          </reporter-output>
        </test-method> <!-- teardown -->
        <test-method is-config="true" signature="setup()[pri:0, instance:testcases.LoginTest@34f7234e]" started-at="2026-01-12T17:19:52 IST" name="setup" finished-at="2026-01-12T17:19:57 IST" duration-ms="5431" status="PASS">
          <reporter-output>
          </reporter-output>
        </test-method> <!-- setup -->
        <test-method signature="verifyInvalidLogin(java.util.HashMap)[pri:0, instance:testcases.LoginTest@34f7234e]" started-at="2026-01-12T17:19:57 IST" name="verifyInvalidLogin" data-provider="LoginData" finished-at="2026-01-12T17:19:58 IST" duration-ms="844" status="PASS">
          <params>
            <param index="0">
              <value>
                <![CDATA[{password=pass789, email=abc@xyz.com}]]>
              </value>
            </param>
          </params>
          <reporter-output>
          </reporter-output>
        </test-method> <!-- verifyInvalidLogin -->
        <test-method is-config="true" signature="teardown()[pri:0, instance:testcases.LoginTest@34f7234e]" started-at="2026-01-12T17:19:58 IST" name="teardown" finished-at="2026-01-12T17:19:59 IST" duration-ms="429" status="PASS">
          <reporter-output>
          </reporter-output>
        </test-method> <!-- teardown -->
        <test-method is-config="true" signature="endReport()[pri:0, instance:testcases.LoginTest@34f7234e]" started-at="2026-01-12T17:19:59 IST" name="endReport" finished-at="2026-01-12T17:19:59 IST" duration-ms="500" status="PASS">
          <reporter-output>
          </reporter-output>
        </test-method> <!-- endReport -->
      </class> <!-- testcases.LoginTest -->
    </test> <!-- Default test -->
  </suite> <!-- Default suite -->
</testng-results>
